\BOOKMARK [1][-]{section.1}{\376\377\000O\000b\000j\000e\000c\000t\000i\000v\000e}{}% 1
\BOOKMARK [1][-]{section.2}{\376\377\000E\000x\000p\000e\000r\000i\000m\000e\000n\000t\000s\000\040\000a\000n\000d\000\040\000R\000e\000s\000u\000l\000t\000s}{}% 2
\BOOKMARK [2][-]{subsection.2.1}{\376\377\000A\000P\000I\000\040\000D\000o\000c\000u\000m\000e\000n\000t\000a\000t\000i\000o\000n\000\040\000E\000v\000i\000d\000e\000n\000c\000e}{section.2}% 3
\BOOKMARK [2][-]{subsection.2.2}{\376\377\000T\000e\000s\000t\000i\000n\000g\000\040\000a\000n\000d\000\040\000C\000o\000v\000e\000r\000a\000g\000e}{section.2}% 4
\BOOKMARK [2][-]{subsection.2.3}{\376\377\000B\000e\000n\000c\000h\000m\000a\000r\000k\000\040\000R\000e\000s\000u\000l\000t\000s\000\040\000b\000y\000\040\000T\000e\000a\000m\000\040\000M\000e\000m\000b\000e\000r}{section.2}% 5
\BOOKMARK [3][-]{subsubsection.2.3.1}{\376\377\000E\000l\000i\000z\000a\000b\000e\000t\000h\000\040\040\023\000\040\000A\000M\000D\000\040\000R\000y\000z\000e\000n\000\040\000A\000I\000\040\0009\000\040\0003\0006\0005}{subsection.2.3}% 6
\BOOKMARK [3][-]{subsubsection.2.3.2}{\376\377\000S\000e\000b\000a\000s\000t\000i\000a\000n\000\040\040\023\000\040\000I\000n\000t\000e\000l\000\040\000i\0007\000-\0001\0003\0006\0002\0000\000H}{subsection.2.3}% 7
\BOOKMARK [3][-]{subsubsection.2.3.3}{\376\377\000A\000n\000d\000e\000r\000s\000s\000o\000n\000\040\040\023\000\040\000I\000n\000t\000e\000l\000\040\000i\0007\000-\0001\0002\0005\0005\000U}{subsection.2.3}% 8
\BOOKMARK [3][-]{subsubsection.2.3.4}{\376\377\000C\000r\000i\000s\000t\000i\000a\000n\000\040\040\023\000\040\000I\000n\000t\000e\000l\000\040\000i\0005\000-\0001\0001\0003\0005\000G\0007}{subsection.2.3}% 9
\BOOKMARK [2][-]{subsection.2.4}{\376\377\000S\000u\000m\000m\000a\000r\000y\000\040\000o\000f\000\040\000E\000x\000p\000e\000r\000i\000m\000e\000n\000t\000a\000l\000\040\000R\000e\000s\000u\000l\000t\000s}{section.2}% 10
\BOOKMARK [2][-]{subsection.2.5}{\376\377\000S\000t\000r\000a\000t\000e\000g\000y\000\040\000P\000a\000t\000t\000e\000r\000n\000\040\000I\000m\000p\000l\000e\000m\000e\000n\000t\000a\000t\000i\000o\000n}{section.2}% 11
\BOOKMARK [2][-]{subsection.2.6}{\376\377\000T\000h\000r\000e\000a\000d\000J\000o\000i\000n\000S\000t\000r\000a\000t\000e\000g\000y\000\040\000I\000m\000p\000l\000e\000m\000e\000n\000t\000a\000t\000i\000o\000n}{section.2}% 12
\BOOKMARK [2][-]{subsection.2.7}{\376\377\000R\000E\000S\000T\000\040\000A\000P\000I\000\040\000E\000n\000d\000p\000o\000i\000n\000t}{section.2}% 13
\BOOKMARK [2][-]{subsection.2.8}{\376\377\000S\000e\000r\000v\000i\000c\000e\000\040\000L\000a\000y\000e\000r\000\040\000V\000a\000l\000i\000d\000a\000t\000i\000o\000n}{section.2}% 14
\BOOKMARK [1][-]{section.3}{\376\377\000T\000h\000e\000o\000r\000e\000t\000i\000c\000a\000l\000\040\000F\000r\000a\000m\000e\000w\000o\000r\000k}{}% 15
\BOOKMARK [2][-]{subsection.3.1}{\376\377\000A\000m\000d\000a\000h\000l\000'\000s\000\040\000L\000a\000w}{section.3}% 16
\BOOKMARK [2][-]{subsection.3.2}{\376\377\000T\000h\000r\000e\000a\000d\000\040\000S\000y\000n\000c\000h\000r\000o\000n\000i\000z\000a\000t\000i\000o\000n\000\040\000w\000i\000t\000h\000\040\000j\000o\000i\000n\000\050\000\051}{section.3}% 17
\BOOKMARK [1][-]{section.4}{\376\377\000M\000e\000t\000h\000o\000d\000o\000l\000o\000g\000y}{}% 18
\BOOKMARK [2][-]{subsection.4.1}{\376\377\000T\000e\000s\000t\000\040\000E\000n\000v\000i\000r\000o\000n\000m\000e\000n\000t}{section.4}% 19
\BOOKMARK [2][-]{subsection.4.2}{\376\377\000E\000x\000p\000e\000r\000i\000m\000e\000n\000t\000\040\000P\000a\000r\000a\000m\000e\000t\000e\000r\000s}{section.4}% 20
\BOOKMARK [1][-]{section.5}{\376\377\000R\000e\000s\000u\000l\000t\000s}{}% 21
\BOOKMARK [2][-]{subsection.5.1}{\376\377\000E\000x\000e\000c\000u\000t\000i\000o\000n\000\040\000T\000i\000m\000e\000\040\000C\000o\000m\000p\000a\000r\000i\000s\000o\000n}{section.5}% 22
\BOOKMARK [2][-]{subsection.5.2}{\376\377\000O\000b\000s\000e\000r\000v\000a\000t\000i\000o\000n\000s}{section.5}% 23
\BOOKMARK [1][-]{section.6}{\376\377\000A\000n\000a\000l\000y\000s\000i\000s}{}% 24
\BOOKMARK [2][-]{subsection.6.1}{\376\377\000C\000o\000r\000r\000e\000c\000t\000n\000e\000s\000s\000\040\000V\000e\000r\000i\000f\000i\000c\000a\000t\000i\000o\000n}{section.6}% 25
\BOOKMARK [2][-]{subsection.6.2}{\376\377\000T\000h\000r\000e\000a\000d\000\040\000O\000v\000e\000r\000h\000e\000a\000d}{section.6}% 26
\BOOKMARK [2][-]{subsection.6.3}{\376\377\000F\000a\000l\000l\000b\000a\000c\000k\000\040\000M\000e\000c\000h\000a\000n\000i\000s\000m}{section.6}% 27
\BOOKMARK [1][-]{section.7}{\376\377\000C\000o\000n\000c\000l\000u\000s\000i\000o\000n\000s}{}% 28
\BOOKMARK [1][-]{section.8}{\376\377\000R\000e\000f\000e\000r\000e\000n\000c\000e\000s}{}% 29
